<?xml version="1.0" encoding="UTF-8"?>
<testng-results ignored="0" total="1" passed="1" failed="0" skipped="0">
  <reporter-output>
  </reporter-output>
  <suite started-at="2022-12-26T00:43:08 GMT+02:00" name="Default suite" finished-at="2022-12-26T00:43:22 GMT+02:00" duration-ms="13363">
    <groups>
    </groups>
    <test started-at="2022-12-26T00:43:08 GMT+02:00" name="Default test" finished-at="2022-12-26T00:43:22 GMT+02:00" duration-ms="13363">
      <class name="myTestCity.CityCenter">
        <test-method is-config="true" signature="beforeMyTest()[pri:0, instance:myTestCity.CityCenter@6b927fb]" started-at="2022-12-26T00:43:08 GMT+02:00" name="beforeMyTest" finished-at="2022-12-26T00:43:16 GMT+02:00" duration-ms="7219" status="PASS">
          <reporter-output>
          </reporter-output>
        </test-method> <!-- beforeMyTest -->
        <test-method signature="cityCenterCount()[pri:0, instance:myTestCity.CityCenter@6b927fb]" started-at="2022-12-26T00:43:16 GMT+02:00" name="cityCenterCount" finished-at="2022-12-26T00:43:22 GMT+02:00" duration-ms="5798" status="PASS">
          <reporter-output>
          </reporter-output>
        </test-method> <!-- cityCenterCount -->
        <test-method is-config="true" signature="afterMyTest()[pri:0, instance:myTestCity.CityCenter@6b927fb]" started-at="2022-12-26T00:43:22 GMT+02:00" name="afterMyTest" finished-at="2022-12-26T00:43:22 GMT+02:00" duration-ms="299" status="PASS">
          <reporter-output>
          </reporter-output>
        </test-method> <!-- afterMyTest -->
      </class> <!-- myTestCity.CityCenter -->
    </test> <!-- Default test -->
  </suite> <!-- Default suite -->
</testng-results>
